<?xml version="1.0" encoding="UTF-8" ?>
<testsuite tests="37" failures="0" name="com.hpe.automatization.test.testsuite.TestSuiteDataloadGen" time="6.786" errors="0" skipped="0">
  <properties>
    <property name="idea.version" value="2018.1.7"/>
    <property name="java.runtime.name" value="Java(TM) SE Runtime Environment"/>
    <property name="sun.boot.library.path" value="C:\Program Files\Java\jdk1.8.0_181\jre\bin"/>
    <property name="java.vm.version" value="25.181-b13"/>
    <property name="user.country.format" value="IT"/>
    <property name="java.vm.vendor" value="Oracle Corporation"/>
    <property name="maven.multiModuleProjectDirectory" value="C:\Users\50050802\Desktop\Progetti\DATALOAD_DEV_BRANCH\ted\src\OSS_TED\artifacts\dataloadgen"/>
    <property name="java.vendor.url" value="http://java.oracle.com/"/>
    <property name="path.separator" value=";"/>
    <property name="guice.disable.misplaced.annotation.check" value="true"/>
    <property name="java.vm.name" value="Java HotSpot(TM) 64-Bit Server VM"/>
    <property name="file.encoding.pkg" value="sun.io"/>
    <property name="user.script" value=""/>
    <property name="user.country" value="US"/>
    <property name="sun.java.launcher" value="SUN_STANDARD"/>
    <property name="sun.os.patch.level" value=""/>
    <property name="java.vm.specification.name" value="Java Virtual Machine Specification"/>
    <property name="user.dir" value="C:\Users\50050802\Desktop\Progetti\DATALOAD_DEV_BRANCH\ted\src\OSS_TED\artifacts\dataloadgen"/>
    <property name="java.runtime.version" value="1.8.0_181-b13"/>
    <property name="java.awt.graphicsenv" value="sun.awt.Win32GraphicsEnvironment"/>
    <property name="java.endorsed.dirs" value="C:\Program Files\Java\jdk1.8.0_181\jre\lib\endorsed"/>
    <property name="os.arch" value="amd64"/>
    <property name="java.io.tmpdir" value="C:\Users\50050802\AppData\Local\Temp\"/>
    <property name="line.separator" value="
"/>
    <property name="java.vm.specification.vendor" value="Oracle Corporation"/>
    <property name="user.variant" value=""/>
    <property name="os.name" value="Windows 10"/>
    <property name="classworlds.conf" value="C:\Users\50050802\AppData\Roaming\JetBrains\IntelliJ IDEA 2018.1.5\plugins\maven\lib\maven3\bin\m2.conf"/>
    <property name="sun.jnu.encoding" value="Cp1252"/>
    <property name="java.library.path" value="C:\Program Files\Java\jdk1.8.0_181\jre\bin;C:\Windows\Sun\Java\bin;C:\Windows\system32;C:\Windows;C:\Program Files\Docker\Docker\Resources\bin;C:\Program Files (x86)\Common Files\Oracle\Java\javapath;C:\Windows\system32;C:\Windows;C:\Windows\System32\Wbem;C:\Windows\System32\WindowsPowerShell\v1.0\;C:\Windows\System32\OpenSSH\;C:\Program Files\TortoiseSVN\bin;C:\Program Files (x86)\WinMerge;C:\Users\50050802\AppData\Roaming\nvm;C:\Program Files\nodejs;C:\Program Files\Git\cmd;C:\Users\50050802\AppData\Local\Microsoft\WindowsApps;C:\Program Files\MongoDB\Server\4.0\bin;C:\src\flutter\flutter_windows_v1.5.4-hotfix.2-stable\flutter\bin\;C:\Users\50050802\AppData\Roaming\nvm;C:\Program Files\nodejs;C:\Users\50050802\AppData\Local\Programs\Microsoft VS Code\bin;."/>
    <property name="skipInstall" value="true"/>
    <property name="java.specification.name" value="Java Platform API Specification"/>
    <property name="java.class.version" value="52.0"/>
    <property name="sun.management.compiler" value="HotSpot 64-Bit Tiered Compilers"/>
    <property name="os.version" value="10.0"/>
    <property name="user.home" value="C:\Users\50050802"/>
    <property name="user.timezone" value="Europe/Berlin"/>
    <property name="java.awt.printerjob" value="sun.awt.windows.WPrinterJob"/>
    <property name="java.specification.version" value="1.8"/>
    <property name="file.encoding" value="UTF-8"/>
    <property name="user.name" value="50050802"/>
    <property name="java.class.path" value="C:\Users\50050802\AppData\Roaming\JetBrains\IntelliJ IDEA 2018.1.5\plugins\maven\lib\maven3\boot\plexus-classworlds-2.5.2.jar;C:\Users\50050802\AppData\Roaming\JetBrains\IntelliJ IDEA 2018.1.5\lib\idea_rt.jar"/>
    <property name="java.vm.specification.version" value="1.8"/>
    <property name="sun.arch.data.model" value="64"/>
    <property name="java.home" value="C:\Program Files\Java\jdk1.8.0_181\jre"/>
    <property name="sun.java.command" value="org.codehaus.classworlds.Launcher -Didea.version=2018.1.7 clean install -DskipInstall=true"/>
    <property name="java.specification.vendor" value="Oracle Corporation"/>
    <property name="user.language" value="en"/>
    <property name="user.language.format" value="it"/>
    <property name="awt.toolkit" value="sun.awt.windows.WToolkit"/>
    <property name="java.vm.info" value="mixed mode"/>
    <property name="java.version" value="1.8.0_181"/>
    <property name="java.ext.dirs" value="C:\Program Files\Java\jdk1.8.0_181\jre\lib\ext;C:\Windows\Sun\Java\lib\ext"/>
    <property name="sun.boot.class.path" value="C:\Program Files\Java\jdk1.8.0_181\jre\lib\resources.jar;C:\Program Files\Java\jdk1.8.0_181\jre\lib\rt.jar;C:\Program Files\Java\jdk1.8.0_181\jre\lib\sunrsasign.jar;C:\Program Files\Java\jdk1.8.0_181\jre\lib\jsse.jar;C:\Program Files\Java\jdk1.8.0_181\jre\lib\jce.jar;C:\Program Files\Java\jdk1.8.0_181\jre\lib\charsets.jar;C:\Program Files\Java\jdk1.8.0_181\jre\lib\jfr.jar;C:\Program Files\Java\jdk1.8.0_181\jre\classes"/>
    <property name="java.vendor" value="Oracle Corporation"/>
    <property name="maven.home" value="C:\Users\50050802\AppData\Roaming\JetBrains\IntelliJ IDEA 2018.1.5\plugins\maven\lib\maven3"/>
    <property name="file.separator" value="\"/>
    <property name="java.vendor.url.bug" value="http://bugreport.sun.com/bugreport/"/>
    <property name="sun.cpu.endian" value="little"/>
    <property name="sun.io.unicode.encoding" value="UnicodeLittle"/>
    <property name="sun.desktop" value="windows"/>
    <property name="sun.cpu.isalist" value="amd64"/>
  </properties>
  <testcase classname="com.hpe.automatization.test.GenDataload_xmlPathInput" name="testEmptyInputArgs" time="0.41"/>
  <testcase classname="com.hpe.automatization.test.GenDataload_xmlPathInput" name="testIntegrationDataload_GUIOutput" time="3.093"/>
  <testcase classname="com.hpe.automatization.test.GenDataload_xmlPathInput" name="testWrongInput_specialCharacterContained" time="0.02"/>
  <testcase classname="com.hpe.automatization.test.GenDataload_xmlPathInput" name="testIntegrationDataload" time="1.628"/>
  <testcase classname="com.hpe.automatization.test.GenDataload_xmlPathInput" name="testWrongDataloadVersionValueInput" time="0.001"/>
  <testcase classname="com.hpe.automatization.test.GenDataload_xmlPathInput" name="testNotPresentFile" time="0.002"/>
  <testcase classname="com.hpe.automatization.test.GenDataload_xmlPathInput" name="testNullDataloadVersionAsInput" time="0.002"/>
  <testcase classname="com.hpe.automatization.test.GenDataload_xmlPathInput" name="testWrongFilePathName_regexConditionNotMatched" time="0.056"/>
  <testcase classname="com.hpe.automatization.test.GenDataload_xmlPathInput" name="testEqualsAndHashCodeOnIndexObject_False" time="0.002"/>
  <testcase classname="com.hpe.automatization.test.GenDataload_xmlPathInput" name="checkFileNameFormatIntegrity_spaceCharCase" time="0"/>
  <testcase classname="com.hpe.automatization.test.GenDataload_xmlPathInput" name="testIntegrationWRONGDataload" time="0.406"/>
  <testcase classname="com.hpe.automatization.test.GenDataload_xmlPathInput" name="testZeroValueDataloadVersionInput" time="0.001"/>
  <testcase classname="com.hpe.automatization.test.GenDataload_xmlPathInput" name="testGetDataSetTypeOutputObject" time="0.31"/>
  <testcase classname="com.hpe.automatization.test.GenDataload_xmlPathInput" name="testEqualsAndHashCodeOnIndexObject" time="0.001"/>
  <testcase classname="com.hpe.automatization.test.GenDataload_xmlPathInput" name="testNullInputArgs" time="0.015"/>
  <testcase classname="com.hpe.automatization.test.GenDataload_xmlPathInput" name="testGetDataSetTypeWrongXmlFileContent" time="0.072"/>
  <testcase classname="com.hpe.automatization.test.GenDataload_xmlPathInput" name="testVersionDataLoad_8_0" time="0.138"/>
  <testcase classname="com.hpe.automatization.test.GenDataload_xmlPathInput" name="testVersionDataLoad_8_1" time="0"/>
  <testcase classname="com.hpe.automatization.test.GenDataload_xmlPathInput" name="testWrongArgumentExceptionGetDataSetTypeObject" time="0.005"/>
  <testcase classname="com.hpe.automatization.test.GenDataload_xmlPathInput" name="testIntegrationDataload_int" time="0.301"/>
  <testcase classname="com.hpe.automatization.test.GenDataload_intExternal" name="testIntegrationExtSystem_dataloadSolutionNULL" time="0.036"/>
  <testcase classname="com.hpe.automatization.test.GenDataload_intExternal" name="testIntegrationExtSystem_nullIntermediateFile" time="0"/>
  <testcase classname="com.hpe.automatization.test.GenDataload_intExternal" name="testIntegrationExtSystem_blockSectionWithMoreThanOneEXITBlock" time="0.014"/>
  <testcase classname="com.hpe.automatization.test.GenDataload_intExternal" name="testIntegrationExtSystem_emptyIntermediateFile" time="0.001"/>
  <testcase classname="com.hpe.automatization.test.GenDataload_intExternal" name="testIntegrationExtSystem_blockSection_noSenseBlocks" time="0.039"/>
  <testcase classname="com.hpe.automatization.test.GenDataload_intExternal" name="testIntegrationExtSystem_nullDataloadVersion" time="0.001"/>
  <testcase classname="com.hpe.automatization.test.GenDataload_intExternal" name="testIntegrationExtSystem_wrongPathOutput" time="0.001"/>
  <testcase classname="com.hpe.automatization.test.GenDataload_intExternal" name="testIntegrationExtSystem_wrongFormatDataloadVersion" time="0.002"/>
  <testcase classname="com.hpe.automatization.test.GenDataload_intExternal" name="testIntegrationExtSystem_patternOutputEmpty" time="0.012"/>
  <testcase classname="com.hpe.automatization.test.GenDataload_intExternal" name="testIntegrationExtSystem_wrongTedVersion" time="0.029"/>
  <testcase classname="com.hpe.automatization.test.GenDataload_intExternal" name="testIntegrationExtSystem_nullOutputPath" time="0.002"/>
  <testcase classname="com.hpe.automatization.test.GenDataload_intExternal" name="testIntegrationExtSystem_patternOutputMissing" time="0.012"/>
  <testcase classname="com.hpe.automatization.test.GenDataload_intExternal" name="testIntegrationExtSystem_blockSectionEmpty" time="0.046"/>
  <testcase classname="com.hpe.automatization.test.GenDataload_intExternal" name="testIntegrationExtSystem_ZeroDataloadVersion" time="0.002"/>
  <testcase classname="com.hpe.automatization.test.GenDataload_intExternal" name="testIntegrationExtSystem" time="0.097"/>
  <testcase classname="com.hpe.automatization.test.GenDataload_intExternal" name="testIntegrationExtSystem_ExitBlockConfiguredNOTAsLAST" time="0.002"/>
  <testcase classname="com.hpe.automatization.test.GenDataload_intExternal" name="testIntegrationExtSystem_missingTag" time="0.027"/>
</testsuite>